
Showing logs for build [32mcb-kubecd-environment-pr-182-81-8mxcb-1[0m stage [32mfrom-build-pack[0m and container [32mstep-credential-initializer-pnqcg[0m
{"level":"warn","ts":1584301601.9926467,"logger":"fallback-logger","caller":"logging/config.go:69","msg":"Fetch GitHub commit ID from kodata failed: \"ref: refs/heads/0.8.0-**-support-backwards-incompats\" is not a valid GitHub commit ID"}
{"level":"info","ts":1584301601.9938095,"logger":"fallback-logger","caller":"creds-init/main.go:40","msg":"Credentials initialized."}

Showing logs for build [32mcb-kubecd-environment-pr-182-81-8mxcb-1[0m stage [32mfrom-build-pack[0m and container [32mstep-working-dir-initializer-58d7v[0m
{"level":"warn","ts":1584301603.3776827,"logger":"fallback-logger","caller":"logging/config.go:69","msg":"Fetch GitHub commit ID from kodata failed: open /var/run/ko/HEAD: no such file or directory"}
{"level":"info","ts":1584301603.3802295,"logger":"fallback-logger","caller":"bash/main.go:64","msg":"Successfully executed command \"sh -c mkdir -p /workspace/source\"; output "}

Showing logs for build [32mcb-kubecd-environment-pr-182-81-8mxcb-1[0m stage [32mfrom-build-pack[0m and container [32mstep-place-tools[0m

Showing logs for build [32mcb-kubecd-environment-pr-182-81-8mxcb-1[0m stage [32mfrom-build-pack[0m and container [32mstep-git-source-cb-kubecd-environment-pr-182-81-8mxcb-8vdd5[0m
{"level":"warn","ts":1584301608.545953,"logger":"fallback-logger","caller":"logging/config.go:69","msg":"Fetch GitHub commit ID from kodata failed: \"ref: refs/heads/0.8.0-**-support-backwards-incompats\" is not a valid GitHub commit ID"}
{"level":"info","ts":1584301609.6944082,"logger":"fallback-logger","caller":"git/git.go:103","msg":"Successfully cloned https://github.com/cb-kubecd/environment-pr-182-81-boot-gke-staging.git @ master in path /workspace/source"}

Showing logs for build [32mcb-kubecd-environment-pr-182-81-8mxcb-1[0m stage [32mfrom-build-pack[0m and container [32mstep-git-merge[0m
Using SHAs from PULL_REFS=master:be3fe7f910b2124760c860f703e0c04cd3ee4c54,5:11b4dbd3922ca931f5672129fda8e82a5df43ed3
DEBUG: LC_ALL=C JX_LOG_LEVEL=error git fetch origin --unshallow 11b4dbd3922ca931f5672129fda8e82a5df43ed3: be3fe7f910b2124760c860f703e0c04cd3ee4c54:
DEBUG: ran git fetch --unshallow origin 11b4dbd3922ca931f5672129fda8e82a5df43ed3: be3fe7f910b2124760c860f703e0c04cd3ee4c54: in 
DEBUG: LC_ALL=C JX_LOG_LEVEL=error git branch
DEBUG: LC_ALL=C JX_LOG_LEVEL=error git checkout master
DEBUG: ran git checkout master in 
DEBUG: LC_ALL=C JX_LOG_LEVEL=error git reset --hard be3fe7f910b2124760c860f703e0c04cd3ee4c54
DEBUG: ran git reset --hard be3fe7f910b2124760c860f703e0c04cd3ee4c54 in 
DEBUG: LC_ALL=C JX_LOG_LEVEL=error git clean -fd .
DEBUG: ran clean --force -d . in 
DEBUG: LC_ALL=C JX_LOG_LEVEL=error git merge 11b4dbd3922ca931f5672129fda8e82a5df43ed3
DEBUG: ran git merge 11b4dbd3922ca931f5672129fda8e82a5df43ed3 in 
DEBUG: LC_ALL=C JX_LOG_LEVEL=error git log --format=%H%x1f%an%x1f%ae%x1f%cn%x1f%ce%x1f%s%n%b%x1e be3fe7f910b2124760c860f703e0c04cd3ee4c54..HEAD
Merged SHA 11b4dbd3922ca931f5672129fda8e82a5df43ed3 with commit message 'chore: Promote bdd-sbrp-import-1584301243 to version 0.0.1' into base branch master

Showing logs for build [32mcb-kubecd-environment-pr-182-81-8mxcb-1[0m stage [32mfrom-build-pack[0m and container [32mstep-build-helm-build[0m
WARNING: No $CHART_REPOSITORY defined so using the default value of: http://jenkins-x-chartmuseum:8080
Adding missing Helm repo: storage.googleapis.com https://storage.googleapis.com/chartmuseum.jenkins-x.io
WARNING: No secrets found on "helm/repos" due: reading the secret "helm/repos" from vault: no secret "helm/repos" not found in vault
Read credentials for https://storage.googleapis.com/chartmuseum.jenkins-x.io from vault helm/repos
Successfully added Helm repository storage.googleapis.com.
Adding missing Helm repo: jenkins-x-chartmuseum http://jenkins-x-chartmuseum:8080
WARNING: No secrets found on "helm/repos" due: reading the secret "helm/repos" from vault: no secret "helm/repos" not found in vault
Read credentials for http://jenkins-x-chartmuseum:8080 from vault helm/repos
Successfully added Helm repository jenkins-x-chartmuseum.
WARNING: No $CHART_REPOSITORY defined so using the default value of: http://jenkins-x-chartmuseum:8080
Adding missing Helm repo: chartmuseum.jenkins-x.io http://chartmuseum.jenkins-x.io
WARNING: No secrets found on "helm/repos" due: reading the secret "helm/repos" from vault: no secret "helm/repos" not found in vault
Read credentials for http://chartmuseum.jenkins-x.io from vault helm/repos
Successfully added Helm repository chartmuseum.jenkins-x.io.
